[debug] [2021-07-11T04:48:28.577Z] ----------------------------------------------------------------------
[debug] [2021-07-11T04:48:28.579Z] Command:       C:\Program Files\nodejs\node.exe C:\Users\Reall\AppData\Roaming\npm\node_modules\firebase-tools\lib\bin\firebase.js emulators:start
[debug] [2021-07-11T04:48:28.579Z] CLI Version:   9.12.1
[debug] [2021-07-11T04:48:28.579Z] Platform:      win32
[debug] [2021-07-11T04:48:28.580Z] Node Version:  v14.16.1
[debug] [2021-07-11T04:48:28.580Z] Time:          Sat Jul 10 2021 23:48:28 GMT-0500 (hora de verano central)
[debug] [2021-07-11T04:48:28.581Z] ----------------------------------------------------------------------
[debug] 
[debug] [2021-07-11T04:48:28.583Z] >>> [apiv2][query] GET https://firebase-public.firebaseio.com/cli.json [none]
[debug] [2021-07-11T04:48:28.609Z] > command requires scopes: ["email","openid","https://www.googleapis.com/auth/cloudplatformprojects.readonly","https://www.googleapis.com/auth/firebase","https://www.googleapis.com/auth/cloud-platform"]
[debug] [2021-07-11T04:48:28.609Z] > authorizing via signed-in user (kevinduraan173@gmail.com)
[info] i  emulators: Starting emulators: hosting {"metadata":{"emulator":{"name":"hub"},"message":"Starting emulators: hosting"}}
[debug] [2021-07-11T04:48:28.664Z] [hub] writing locator at C:\Users\Reall\AppData\Local\Temp\hub-architecture3siteweb.json
[debug] [2021-07-11T04:48:28.683Z] > refreshing access token with scopes: []
[debug] [2021-07-11T04:48:28.684Z] >>> HTTP REQUEST POST https://www.googleapis.com/oauth2/v3/token  
 <request body omitted>
[debug] [2021-07-11T04:48:28.842Z] <<< [apiv2][status] GET https://firebase-public.firebaseio.com/cli.json 200
[debug] [2021-07-11T04:48:28.842Z] <<< [apiv2][body] GET https://firebase-public.firebaseio.com/cli.json {"cloudBuildErrorAfter":1594252800000,"cloudBuildWarnAfter":1590019200000,"defaultNode10After":1594252800000,"minVersion":"3.0.5","node8DeploysDisabledAfter":1613390400000,"node8RuntimeDisabledAfter":1615809600000,"node8WarnAfter":1600128000000}
[debug] [2021-07-11T04:48:28.857Z] <<< HTTP RESPONSE 200 {"pragma":"no-cache","date":"Sun, 11 Jul 2021 04:48:28 GMT","cache-control":"no-cache, no-store, max-age=0, must-revalidate","expires":"Mon, 01 Jan 1990 00:00:00 GMT","content-type":"application/json; charset=utf-8","vary":"X-Origin, Referer, Origin,Accept-Encoding","server":"scaffolding on HTTPServer2","x-xss-protection":"0","x-frame-options":"SAMEORIGIN","x-content-type-options":"nosniff","alt-svc":"h3=\":443\"; ma=2592000,h3-29=\":443\"; ma=2592000,h3-T051=\":443\"; ma=2592000,h3-Q050=\":443\"; ma=2592000,h3-Q046=\":443\"; ma=2592000,h3-Q043=\":443\"; ma=2592000,quic=\":443\"; ma=2592000; v=\"46,43\"","accept-ranges":"none","transfer-encoding":"chunked"}
[debug] [2021-07-11T04:48:28.869Z] >>> [apiv2][query] GET https://firebasehosting.googleapis.com/v1beta1/projects/architecture3siteweb/sites 
[debug] [2021-07-11T04:48:29.132Z] <<< [apiv2][status] GET https://firebasehosting.googleapis.com/v1beta1/projects/architecture3siteweb/sites 200
[debug] [2021-07-11T04:48:29.132Z] <<< [apiv2][body] GET https://firebasehosting.googleapis.com/v1beta1/projects/architecture3siteweb/sites {"sites":[{"name":"projects/485349946318/sites/architecture3siteweb","defaultUrl":"https://architecture3siteweb.web.app","type":"DEFAULT_SITE"}]}
[debug] [2021-07-11T04:48:29.133Z] >>> [apiv2][query] GET https://firebase.googleapis.com/v1beta1/projects/architecture3siteweb/webApps/-/config [none]
[debug] [2021-07-11T04:48:29.481Z] <<< [apiv2][status] GET https://firebase.googleapis.com/v1beta1/projects/architecture3siteweb/webApps/-/config 200
[debug] [2021-07-11T04:48:29.482Z] <<< [apiv2][body] GET https://firebase.googleapis.com/v1beta1/projects/architecture3siteweb/webApps/-/config {"projectId":"architecture3siteweb","storageBucket":"architecture3siteweb.appspot.com","apiKey":"AIzaSyAHv4SDe9YKeZrA8nNUYK_TnX2FRCAzk8c","authDomain":"architecture3siteweb.firebaseapp.com","messagingSenderId":"485349946318"}
[info] i  hosting: Serving hosting files from: public {"metadata":{"emulator":{"name":"hosting"},"message":"Serving hosting files from: \u001b[1mpublic\u001b[22m"}}
[info] +  hosting: Local server: http://localhost:5000 {"metadata":{"emulator":{"name":"hosting"},"message":"Local server: \u001b[4m\u001b[1mhttp://localhost:5000\u001b[22m\u001b[24m"}}
[warn] !  emulators: The Emulator UI requires a project ID to start. Configure your default project with 'firebase use' or pass the --project flag. {"metadata":{"emulator":{"name":"hub"},"message":"The Emulator UI requires a project ID to start. Configure your default project with 'firebase use' or pass the --project flag."}}
[info] 
┌─────────────────────────────────────────────────────────────┐
│ ✔  All emulators ready! It is now safe to connect your app. │
└─────────────────────────────────────────────────────────────┘

┌──────────┬────────────────┐
│ Emulator │ Host:Port      │
├──────────┼────────────────┤
│ Hosting  │ localhost:5000 │
└──────────┴────────────────┘
  Emulator Hub running at localhost:4400
  Other reserved ports: None

Issues? Report them at https://github.com/firebase/firebase-tools/issues and attach the *-debug.log files.
 
